2025-04-28 17:25:05,812 [INFO] 会場コード 01 (桐生) の処理を開始
2025-04-28 17:25:15,266 [INFO] レース情報抽出: {'is_stable_plate_used': False}
2025-04-28 17:25:15,300 [INFO] 6名の選手情報を抽出しました
2025-04-28 17:25:15,302 [ERROR] データベース保存エラー: 'nationwide_win_rate' is an invalid keyword argument for RaceEntry
2025-04-28 17:25:18,307 [INFO] 会場コード 02 (戸田) の処理を開始
2025-04-28 17:25:26,514 [INFO] レース情報抽出: {'is_stable_plate_used': False}
2025-04-28 17:25:26,521 [INFO] 0名の選手情報を抽出しました
2025-04-28 17:25:26,524 [INFO] 会場 02 のデータをデータベースに保存しました
2025-04-28 17:25:29,529 [INFO] 会場コード 03 (江戸川) の処理を開始
2025-04-28 17:25:39,755 [INFO] レース情報抽出: {'is_stable_plate_used': False}
2025-04-28 17:25:39,762 [INFO] 0名の選手情報を抽出しました
2025-04-28 17:25:39,765 [INFO] 会場 03 のデータをデータベースに保存しました
2025-04-28 17:25:42,770 [INFO] 会場コード 04 (平和島) の処理を開始
2025-04-28 17:25:52,128 [INFO] レース情報抽出: {'is_stable_plate_used': False}
2025-04-28 17:25:52,161 [INFO] 6名の選手情報を抽出しました
2025-04-28 17:25:52,162 [ERROR] データベース保存エラー: 'nationwide_win_rate' is an invalid keyword argument for RaceEntry
2025-04-28 17:25:55,167 [INFO] 会場コード 05 (多摩川) の処理を開始
2025-04-28 17:26:05,422 [INFO] レース情報抽出: {'is_stable_plate_used': False}
2025-04-28 17:26:05,448 [INFO] 6名の選手情報を抽出しました
2025-04-28 17:26:05,449 [ERROR] データベース保存エラー: 'nationwide_win_rate' is an invalid keyword argument for RaceEntry
2025-04-28 17:26:08,455 [INFO] 会場コード 06 (浜名湖) の処理を開始
2025-04-28 17:26:16,710 [INFO] レース情報抽出: {'is_stable_plate_used': False}
2025-04-28 17:26:16,733 [INFO] 6名の選手情報を抽出しました
2025-04-28 17:26:16,734 [ERROR] データベース保存エラー: 'nationwide_win_rate' is an invalid keyword argument for RaceEntry
2025-04-28 17:26:19,737 [INFO] 会場コード 07 (蒲郡) の処理を開始
2025-04-28 17:26:29,000 [INFO] レース情報抽出: {'is_stable_plate_used': False}
2025-04-28 17:26:29,028 [INFO] 6名の選手情報を抽出しました
2025-04-28 17:26:29,029 [ERROR] データベース保存エラー: 'nationwide_win_rate' is an invalid keyword argument for RaceEntry
2025-04-28 17:26:32,035 [INFO] 会場コード 08 (常滑) の処理を開始
2025-04-28 17:26:40,369 [INFO] レース情報抽出: {'is_stable_plate_used': False}
2025-04-28 17:26:40,398 [INFO] 6名の選手情報を抽出しました
2025-04-28 17:26:40,399 [ERROR] データベース保存エラー: 'nationwide_win_rate' is an invalid keyword argument for RaceEntry
2025-04-28 17:26:43,404 [INFO] 会場コード 09 (津) の処理を開始
2025-04-28 17:26:51,543 [INFO] レース情報抽出: {'is_stable_plate_used': False}
2025-04-28 17:26:51,550 [INFO] 0名の選手情報を抽出しました
2025-04-28 17:26:51,552 [INFO] 会場 09 のデータをデータベースに保存しました
2025-04-28 17:26:54,558 [INFO] 会場コード 10 (三国) の処理を開始
2025-04-28 17:27:03,918 [INFO] レース情報抽出: {'is_stable_plate_used': False}
2025-04-28 17:27:03,948 [INFO] 6名の選手情報を抽出しました
2025-04-28 17:27:03,950 [ERROR] データベース保存エラー: 'nationwide_win_rate' is an invalid keyword argument for RaceEntry
2025-04-28 17:27:06,955 [INFO] 会場コード 11 (びわこ) の処理を開始
2025-04-28 17:27:15,158 [INFO] レース情報抽出: {'is_stable_plate_used': False}
2025-04-28 17:27:15,187 [INFO] 6名の選手情報を抽出しました
2025-04-28 17:27:15,188 [ERROR] データベース保存エラー: 'nationwide_win_rate' is an invalid keyword argument for RaceEntry
2025-04-28 17:27:18,193 [INFO] 会場コード 12 (住之江) の処理を開始
2025-04-28 17:27:28,460 [INFO] レース情報抽出: {'is_stable_plate_used': False}
2025-04-28 17:27:28,506 [INFO] 6名の選手情報を抽出しました
2025-04-28 17:27:28,508 [ERROR] データベース保存エラー: 'nationwide_win_rate' is an invalid keyword argument for RaceEntry
2025-04-28 17:27:31,514 [INFO] 会場コード 13 (尼崎) の処理を開始
2025-04-28 17:27:41,741 [INFO] レース情報抽出: {'is_stable_plate_used': False}
2025-04-28 17:27:41,773 [INFO] 6名の選手情報を抽出しました
2025-04-28 17:27:41,774 [ERROR] データベース保存エラー: 'nationwide_win_rate' is an invalid keyword argument for RaceEntry
2025-04-28 17:27:44,779 [INFO] 会場コード 14 (鳴門) の処理を開始
2025-04-28 17:27:55,123 [INFO] レース情報抽出: {'is_stable_plate_used': False}
2025-04-28 17:27:55,152 [INFO] 6名の選手情報を抽出しました
2025-04-28 17:27:55,154 [ERROR] データベース保存エラー: 'nationwide_win_rate' is an invalid keyword argument for RaceEntry
2025-04-28 17:27:58,159 [INFO] 会場コード 15 (丸亀) の処理を開始
2025-04-28 17:28:07,328 [INFO] レース情報抽出: {'is_stable_plate_used': False}
2025-04-28 17:28:07,336 [INFO] 0名の選手情報を抽出しました
2025-04-28 17:28:07,338 [INFO] 会場 15 のデータをデータベースに保存しました
2025-04-28 17:28:10,343 [INFO] 会場コード 16 (児島) の処理を開始
2025-04-28 17:28:19,576 [INFO] レース情報抽出: {'is_stable_plate_used': False}
2025-04-28 17:28:19,599 [INFO] 6名の選手情報を抽出しました
2025-04-28 17:28:19,600 [ERROR] データベース保存エラー: 'nationwide_win_rate' is an invalid keyword argument for RaceEntry
2025-04-28 17:28:22,605 [INFO] 会場コード 17 (宮島) の処理を開始
2025-04-28 17:28:31,848 [INFO] レース情報抽出: {'is_stable_plate_used': False}
2025-04-28 17:28:31,856 [INFO] 0名の選手情報を抽出しました
2025-04-28 17:28:31,859 [INFO] 会場 17 のデータをデータベースに保存しました
2025-04-28 17:28:34,864 [INFO] 会場コード 18 (徳山) の処理を開始
2025-04-28 17:28:45,059 [INFO] レース情報抽出: {'is_stable_plate_used': False}
2025-04-28 17:28:45,066 [INFO] 0名の選手情報を抽出しました
2025-04-28 17:28:45,069 [INFO] 会場 18 のデータをデータベースに保存しました
2025-04-28 17:28:48,074 [INFO] 会場コード 19 (下関) の処理を開始
2025-04-28 17:28:58,427 [INFO] レース情報抽出: {'is_stable_plate_used': False}
2025-04-28 17:28:58,457 [INFO] 6名の選手情報を抽出しました
2025-04-28 17:28:58,458 [ERROR] データベース保存エラー: 'nationwide_win_rate' is an invalid keyword argument for RaceEntry
2025-04-28 17:29:01,463 [INFO] 会場コード 20 (若松) の処理を開始
2025-04-28 17:29:09,884 [INFO] レース情報抽出: {'is_stable_plate_used': False}
2025-04-28 17:29:09,917 [INFO] 6名の選手情報を抽出しました
2025-04-28 17:29:09,918 [ERROR] データベース保存エラー: 'nationwide_win_rate' is an invalid keyword argument for RaceEntry
2025-04-28 17:29:12,922 [INFO] 会場コード 21 (芦屋) の処理を開始
2025-04-28 17:29:21,160 [INFO] レース情報抽出: {'is_stable_plate_used': False}
2025-04-28 17:29:21,167 [INFO] 0名の選手情報を抽出しました
2025-04-28 17:29:21,169 [INFO] 会場 21 のデータをデータベースに保存しました
2025-04-28 17:29:24,175 [INFO] 会場コード 22 (福岡) の処理を開始
2025-04-28 17:29:32,456 [INFO] レース情報抽出: {'is_stable_plate_used': False}
2025-04-28 17:29:32,487 [INFO] 6名の選手情報を抽出しました
2025-04-28 17:29:32,489 [ERROR] データベース保存エラー: 'nationwide_win_rate' is an invalid keyword argument for RaceEntry
2025-04-28 17:29:35,494 [INFO] 会場コード 23 (唐津) の処理を開始
2025-04-28 17:29:44,815 [INFO] レース情報抽出: {'is_stable_plate_used': False}
2025-04-28 17:29:44,845 [INFO] 6名の選手情報を抽出しました
2025-04-28 17:29:44,846 [ERROR] データベース保存エラー: 'nationwide_win_rate' is an invalid keyword argument for RaceEntry
2025-04-28 17:29:47,852 [INFO] 会場コード 24 (大村) の処理を開始
2025-04-28 17:29:58,083 [INFO] レース情報抽出: {'is_stable_plate_used': False}
2025-04-28 17:29:58,112 [INFO] 6名の選手情報を抽出しました
2025-04-28 17:29:58,113 [ERROR] データベース保存エラー: 'nationwide_win_rate' is an invalid keyword argument for RaceEntry
2025-04-28 17:30:01,118 [INFO] 全会場の処理が完了しました
2025-04-28 17:31:36,173 [INFO] 既存のデータベースファイルを削除します: /Users/koyohoriuchi/Desktop/code/boat/boat_get_race_data/data/boat_data.db
2025-04-28 17:31:36,188 [INFO] 会場コード 01 (桐生) の処理を開始
2025-04-28 17:31:44,610 [INFO] レース情報抽出: {'is_stable_plate_used': False}
2025-04-28 17:31:44,645 [INFO] 6名の選手情報を抽出しました
2025-04-28 17:31:44,648 [INFO] 会場 01 のデータをデータベースに保存しました
2025-04-28 17:31:47,654 [INFO] 会場コード 02 (戸田) の処理を開始
2025-04-28 17:31:55,896 [INFO] レース情報抽出: {'is_stable_plate_used': False}
2025-04-28 17:31:55,899 [INFO] 0名の選手情報を抽出しました
2025-04-28 17:31:55,899 [WARNING] 会場 02 の選手情報が抽出できませんでした。開催されていない可能性があります。
2025-04-28 17:31:55,899 [INFO] 会場コード 03 (江戸川) の処理を開始
2025-04-28 17:32:06,178 [INFO] レース情報抽出: {'is_stable_plate_used': False}
2025-04-28 17:32:06,185 [INFO] 0名の選手情報を抽出しました
2025-04-28 17:32:06,185 [WARNING] 会場 03 の選手情報が抽出できませんでした。開催されていない可能性があります。
2025-04-28 17:32:06,185 [INFO] 会場コード 04 (平和島) の処理を開始
2025-04-28 17:32:15,313 [INFO] レース情報抽出: {'is_stable_plate_used': False}
2025-04-28 17:32:15,345 [INFO] 6名の選手情報を抽出しました
2025-04-28 17:32:15,347 [INFO] 会場 04 のデータをデータベースに保存しました
2025-04-28 17:32:18,350 [INFO] 会場コード 05 (多摩川) の処理を開始
2025-04-28 17:32:26,632 [INFO] レース情報抽出: {'is_stable_plate_used': False}
2025-04-28 17:32:26,656 [INFO] 6名の選手情報を抽出しました
2025-04-28 17:32:26,658 [INFO] 会場 05 のデータをデータベースに保存しました
2025-04-28 17:32:29,664 [INFO] 会場コード 06 (浜名湖) の処理を開始
2025-04-28 17:32:39,915 [INFO] レース情報抽出: {'is_stable_plate_used': False}
2025-04-28 17:32:39,944 [INFO] 6名の選手情報を抽出しました
2025-04-28 17:32:39,946 [INFO] 会場 06 のデータをデータベースに保存しました
2025-04-28 17:32:42,951 [INFO] 会場コード 07 (蒲郡) の処理を開始
2025-04-28 17:32:52,185 [INFO] レース情報抽出: {'is_stable_plate_used': False}
2025-04-28 17:32:52,214 [INFO] 6名の選手情報を抽出しました
2025-04-28 17:32:52,217 [INFO] 会場 07 のデータをデータベースに保存しました
2025-04-28 17:32:55,222 [INFO] 会場コード 08 (常滑) の処理を開始
2025-04-28 17:33:04,758 [INFO] レース情報抽出: {'is_stable_plate_used': False}
2025-04-28 17:33:04,785 [INFO] 6名の選手情報を抽出しました
2025-04-28 17:33:04,787 [INFO] 会場 08 のデータをデータベースに保存しました
2025-04-28 17:33:07,792 [INFO] 会場コード 09 (津) の処理を開始
2025-04-28 17:33:15,972 [INFO] レース情報抽出: {'is_stable_plate_used': False}
2025-04-28 17:33:15,979 [INFO] 0名の選手情報を抽出しました
2025-04-28 17:33:15,979 [WARNING] 会場 09 の選手情報が抽出できませんでした。開催されていない可能性があります。
2025-04-28 17:33:15,979 [INFO] 会場コード 10 (三国) の処理を開始
2025-04-28 17:33:26,239 [INFO] レース情報抽出: {'is_stable_plate_used': False}
2025-04-28 17:33:26,279 [INFO] 6名の選手情報を抽出しました
2025-04-28 17:33:26,282 [INFO] 会場 10 のデータをデータベースに保存しました
2025-04-28 17:33:29,287 [INFO] 会場コード 11 (びわこ) の処理を開始
2025-04-28 17:33:38,572 [INFO] レース情報抽出: {'is_stable_plate_used': False}
2025-04-28 17:33:38,603 [INFO] 6名の選手情報を抽出しました
2025-04-28 17:33:38,605 [INFO] 会場 11 のデータをデータベースに保存しました
2025-04-28 17:33:41,610 [INFO] 会場コード 12 (住之江) の処理を開始
2025-04-28 17:33:51,860 [INFO] レース情報抽出: {'is_stable_plate_used': False}
2025-04-28 17:33:51,905 [INFO] 6名の選手情報を抽出しました
2025-04-28 17:33:51,907 [INFO] 会場 12 のデータをデータベースに保存しました
2025-04-28 17:33:54,912 [INFO] 会場コード 13 (尼崎) の処理を開始
2025-04-28 17:34:05,218 [INFO] レース情報抽出: {'is_stable_plate_used': False}
2025-04-28 17:34:05,250 [INFO] 6名の選手情報を抽出しました
2025-04-28 17:34:05,253 [INFO] 会場 13 のデータをデータベースに保存しました
2025-04-28 17:34:08,258 [INFO] 会場コード 14 (鳴門) の処理を開始
2025-04-28 17:34:18,634 [INFO] レース情報抽出: {'is_stable_plate_used': False}
2025-04-28 17:34:18,664 [INFO] 6名の選手情報を抽出しました
2025-04-28 17:34:18,666 [INFO] 会場 14 のデータをデータベースに保存しました
2025-04-28 17:34:21,671 [INFO] 会場コード 15 (丸亀) の処理を開始
2025-04-28 17:34:29,932 [INFO] レース情報抽出: {'is_stable_plate_used': False}
2025-04-28 17:34:29,935 [INFO] 0名の選手情報を抽出しました
2025-04-28 17:34:29,935 [WARNING] 会場 15 の選手情報が抽出できませんでした。開催されていない可能性があります。
2025-04-28 17:34:29,935 [INFO] 会場コード 16 (児島) の処理を開始
2025-04-28 17:34:38,174 [INFO] レース情報抽出: {'is_stable_plate_used': False}
2025-04-28 17:34:38,207 [INFO] 6名の選手情報を抽出しました
2025-04-28 17:34:38,210 [INFO] 会場 16 のデータをデータベースに保存しました
2025-04-28 17:34:41,215 [INFO] 会場コード 17 (宮島) の処理を開始
2025-04-28 17:34:49,391 [INFO] レース情報抽出: {'is_stable_plate_used': False}
2025-04-28 17:34:49,399 [INFO] 0名の選手情報を抽出しました
2025-04-28 17:34:49,399 [WARNING] 会場 17 の選手情報が抽出できませんでした。開催されていない可能性があります。
2025-04-28 17:34:49,399 [INFO] 会場コード 18 (徳山) の処理を開始
2025-04-28 17:34:57,790 [INFO] レース情報抽出: {'is_stable_plate_used': False}
2025-04-28 17:34:57,797 [INFO] 0名の選手情報を抽出しました
2025-04-28 17:34:57,797 [WARNING] 会場 18 の選手情報が抽出できませんでした。開催されていない可能性があります。
2025-04-28 17:34:57,798 [INFO] 会場コード 19 (下関) の処理を開始
2025-04-28 17:35:06,124 [INFO] レース情報抽出: {'is_stable_plate_used': False}
2025-04-28 17:35:06,153 [INFO] 6名の選手情報を抽出しました
2025-04-28 17:35:06,155 [INFO] 会場 19 のデータをデータベースに保存しました
2025-04-28 17:35:09,156 [INFO] 会場コード 20 (若松) の処理を開始
2025-04-28 17:35:19,406 [INFO] レース情報抽出: {'is_stable_plate_used': False}
2025-04-28 17:35:19,431 [INFO] 6名の選手情報を抽出しました
2025-04-28 17:35:19,433 [INFO] 会場 20 のデータをデータベースに保存しました
2025-04-28 17:35:22,438 [INFO] 会場コード 21 (芦屋) の処理を開始
2025-04-28 17:35:31,678 [INFO] レース情報抽出: {'is_stable_plate_used': False}
2025-04-28 17:35:31,682 [INFO] 0名の選手情報を抽出しました
2025-04-28 17:35:31,682 [WARNING] 会場 21 の選手情報が抽出できませんでした。開催されていない可能性があります。
2025-04-28 17:35:31,682 [INFO] 会場コード 22 (福岡) の処理を開始
2025-04-28 17:35:42,037 [INFO] レース情報抽出: {'is_stable_plate_used': False}
2025-04-28 17:35:42,061 [INFO] 6名の選手情報を抽出しました
2025-04-28 17:35:42,063 [INFO] 会場 22 のデータをデータベースに保存しました
2025-04-28 17:35:45,069 [INFO] 会場コード 23 (唐津) の処理を開始
2025-04-28 17:35:55,289 [INFO] レース情報抽出: {'is_stable_plate_used': False}
2025-04-28 17:35:55,320 [INFO] 6名の選手情報を抽出しました
2025-04-28 17:35:55,322 [INFO] 会場 23 のデータをデータベースに保存しました
2025-04-28 17:35:58,327 [INFO] 会場コード 24 (大村) の処理を開始
2025-04-28 17:36:08,589 [INFO] レース情報抽出: {'is_stable_plate_used': False}
2025-04-28 17:36:08,616 [INFO] 6名の選手情報を抽出しました
2025-04-28 17:36:08,618 [INFO] 会場 24 のデータをデータベースに保存しました
2025-04-28 17:36:11,623 [INFO] 全会場の処理が完了しました
2025-04-28 17:51:02,526 [INFO] 既存のデータベースファイルを削除します: /Users/koyohoriuchi/Desktop/code/boat/boat_get_race_data/data/boat_data.db
2025-04-28 17:51:02,543 [INFO] 開催中の会場を取得: https://www.boatrace.jp/owpc/pc/race/index?hd=20240427
2025-04-28 17:51:12,044 [INFO] 開催中の会場: 01, 04, 05, 06, 07, 08, 10, 11, 12, 13, 14, 16, 19, 20, 22, 23, 24 (17会場)
2025-04-28 17:51:12,044 [INFO] レース番号 1 の処理を開始
2025-04-28 17:51:12,044 [INFO] 会場コード 01 (桐生) レース1の処理を開始
2025-04-28 17:51:20,287 [INFO] レース情報抽出: {'is_stable_plate_used': False}
2025-04-28 17:51:20,318 [INFO] 6名の選手情報を抽出しました
2025-04-28 17:51:20,322 [INFO] 会場 01 のレース1データをデータベースに保存しました
2025-04-28 17:51:21,327 [INFO] 会場コード 04 (平和島) レース1の処理を開始
2025-04-28 17:51:31,705 [INFO] レース情報抽出: {'is_stable_plate_used': False}
2025-04-28 17:51:31,739 [INFO] 6名の選手情報を抽出しました
2025-04-28 17:51:31,742 [INFO] 会場 04 のレース1データをデータベースに保存しました
2025-04-28 17:51:32,745 [INFO] 会場コード 05 (多摩川) レース1の処理を開始
2025-04-28 17:51:40,951 [INFO] レース情報抽出: {'is_stable_plate_used': False}
2025-04-28 17:51:40,983 [INFO] 6名の選手情報を抽出しました
2025-04-28 17:51:40,985 [INFO] 会場 05 のレース1データをデータベースに保存しました
2025-04-28 17:51:41,990 [INFO] 会場コード 06 (浜名湖) レース1の処理を開始
2025-04-28 17:51:51,265 [INFO] レース情報抽出: {'is_stable_plate_used': False}
2025-04-28 17:51:51,295 [INFO] 6名の選手情報を抽出しました
2025-04-28 17:51:51,297 [INFO] 会場 06 のレース1データをデータベースに保存しました
2025-04-28 17:51:52,303 [INFO] 会場コード 07 (蒲郡) レース1の処理を開始
2025-04-28 17:52:00,619 [INFO] レース情報抽出: {'is_stable_plate_used': False}
2025-04-28 17:52:00,648 [INFO] 6名の選手情報を抽出しました
2025-04-28 17:52:00,650 [INFO] 会場 07 のレース1データをデータベースに保存しました
2025-04-28 17:52:01,651 [INFO] 会場コード 08 (常滑) レース1の処理を開始
2025-04-28 17:52:11,127 [INFO] レース情報抽出: {'is_stable_plate_used': False}
2025-04-28 17:52:11,153 [INFO] 6名の選手情報を抽出しました
2025-04-28 17:52:11,155 [INFO] 会場 08 のレース1データをデータベースに保存しました
2025-04-28 17:52:12,160 [INFO] 会場コード 10 (三国) レース1の処理を開始
2025-04-28 17:52:20,387 [INFO] レース情報抽出: {'is_stable_plate_used': False}
2025-04-28 17:52:20,416 [INFO] 6名の選手情報を抽出しました
2025-04-28 17:52:20,419 [INFO] 会場 10 のレース1データをデータベースに保存しました
2025-04-28 17:52:21,420 [INFO] 会場コード 11 (びわこ) レース1の処理を開始
2025-04-28 17:52:31,710 [INFO] レース情報抽出: {'is_stable_plate_used': False}
2025-04-28 17:52:31,739 [INFO] 6名の選手情報を抽出しました
2025-04-28 17:52:31,742 [INFO] 会場 11 のレース1データをデータベースに保存しました
2025-04-28 17:52:32,743 [INFO] 会場コード 12 (住之江) レース1の処理を開始
2025-04-28 17:52:41,025 [INFO] レース情報抽出: {'is_stable_plate_used': False}
2025-04-28 17:52:41,072 [INFO] 6名の選手情報を抽出しました
2025-04-28 17:52:41,074 [INFO] 会場 12 のレース1データをデータベースに保存しました
2025-04-28 17:52:42,077 [INFO] 会場コード 13 (尼崎) レース1の処理を開始
2025-04-28 17:52:51,276 [INFO] レース情報抽出: {'is_stable_plate_used': False}
2025-04-28 17:52:51,301 [INFO] 6名の選手情報を抽出しました
2025-04-28 17:52:51,303 [INFO] 会場 13 のレース1データをデータベースに保存しました
2025-04-28 17:52:52,308 [INFO] 会場コード 14 (鳴門) レース1の処理を開始
2025-04-28 17:53:00,558 [INFO] レース情報抽出: {'is_stable_plate_used': False}
2025-04-28 17:53:00,587 [INFO] 6名の選手情報を抽出しました
2025-04-28 17:53:00,589 [INFO] 会場 14 のレース1データをデータベースに保存しました
2025-04-28 17:53:01,594 [INFO] 会場コード 16 (児島) レース1の処理を開始
2025-04-28 17:53:11,931 [INFO] レース情報抽出: {'is_stable_plate_used': False}
2025-04-28 17:53:11,961 [INFO] 6名の選手情報を抽出しました
2025-04-28 17:53:11,963 [INFO] 会場 16 のレース1データをデータベースに保存しました
2025-04-28 17:53:12,968 [INFO] 会場コード 19 (下関) レース1の処理を開始
2025-04-28 17:53:21,240 [INFO] レース情報抽出: {'is_stable_plate_used': False}
2025-04-28 17:53:21,273 [INFO] 6名の選手情報を抽出しました
2025-04-28 17:53:21,275 [INFO] 会場 19 のレース1データをデータベースに保存しました
2025-04-28 17:53:22,280 [INFO] 会場コード 20 (若松) レース1の処理を開始
2025-04-28 17:53:30,589 [INFO] レース情報抽出: {'is_stable_plate_used': False}
2025-04-28 17:53:30,619 [INFO] 6名の選手情報を抽出しました
2025-04-28 17:53:30,624 [INFO] 会場 20 のレース1データをデータベースに保存しました
2025-04-28 17:53:31,630 [INFO] 会場コード 22 (福岡) レース1の処理を開始
2025-04-28 17:53:41,921 [INFO] レース情報抽出: {'is_stable_plate_used': False}
2025-04-28 17:53:41,951 [INFO] 6名の選手情報を抽出しました
2025-04-28 17:53:41,953 [INFO] 会場 22 のレース1データをデータベースに保存しました
2025-04-28 17:53:42,958 [INFO] 会場コード 23 (唐津) レース1の処理を開始
2025-04-28 17:53:53,293 [INFO] レース情報抽出: {'is_stable_plate_used': False}
2025-04-28 17:53:53,323 [INFO] 6名の選手情報を抽出しました
2025-04-28 17:53:53,325 [INFO] 会場 23 のレース1データをデータベースに保存しました
2025-04-28 17:53:54,326 [INFO] 会場コード 24 (大村) レース1の処理を開始
2025-04-28 17:54:04,783 [INFO] レース情報抽出: {'is_stable_plate_used': False}
2025-04-28 17:54:04,816 [INFO] 6名の選手情報を抽出しました
2025-04-28 17:54:04,818 [INFO] 会場 24 のレース1データをデータベースに保存しました
2025-04-28 17:54:05,823 [INFO] レース番号 2 の処理を開始
2025-04-28 17:54:05,823 [INFO] 会場コード 01 (桐生) レース2の処理を開始
2025-04-28 17:54:14,093 [INFO] レース情報抽出: {'is_stable_plate_used': False}
2025-04-28 17:54:14,123 [INFO] 6名の選手情報を抽出しました
2025-04-28 17:54:14,125 [INFO] 会場 01 のレース2データをデータベースに保存しました
2025-04-28 17:54:15,126 [INFO] 会場コード 04 (平和島) レース2の処理を開始
2025-04-28 17:54:23,420 [INFO] レース情報抽出: {'is_stable_plate_used': False}
2025-04-28 17:54:23,447 [INFO] 6名の選手情報を抽出しました
2025-04-28 17:54:23,449 [INFO] 会場 04 のレース2データをデータベースに保存しました
2025-04-28 17:54:24,450 [INFO] 会場コード 05 (多摩川) レース2の処理を開始
2025-04-28 17:54:34,658 [INFO] レース情報抽出: {'is_stable_plate_used': False}
2025-04-28 17:54:34,687 [INFO] 6名の選手情報を抽出しました
2025-04-28 17:54:34,689 [INFO] 会場 05 のレース2データをデータベースに保存しました
2025-04-28 17:54:35,692 [INFO] 会場コード 06 (浜名湖) レース2の処理を開始
2025-04-28 17:54:44,004 [INFO] レース情報抽出: {'is_stable_plate_used': False}
2025-04-28 17:54:44,037 [INFO] 6名の選手情報を抽出しました
2025-04-28 17:54:44,039 [INFO] 会場 06 のレース2データをデータベースに保存しました
2025-04-28 17:54:45,045 [INFO] 会場コード 07 (蒲郡) レース2の処理を開始
2025-04-28 17:54:55,361 [INFO] レース情報抽出: {'is_stable_plate_used': False}
2025-04-28 17:54:55,390 [INFO] 6名の選手情報を抽出しました
2025-04-28 17:54:55,392 [INFO] 会場 07 のレース2データをデータベースに保存しました
2025-04-28 17:54:56,392 [INFO] 会場コード 08 (常滑) レース2の処理を開始
2025-04-28 17:55:04,661 [INFO] レース情報抽出: {'is_stable_plate_used': False}
2025-04-28 17:55:04,691 [INFO] 6名の選手情報を抽出しました
2025-04-28 17:55:04,693 [INFO] 会場 08 のレース2データをデータベースに保存しました
2025-04-28 17:55:05,698 [INFO] 会場コード 10 (三国) レース2の処理を開始
2025-04-28 17:55:16,034 [INFO] レース情報抽出: {'is_stable_plate_used': False}
2025-04-28 17:55:16,088 [INFO] 6名の選手情報を抽出しました
2025-04-28 17:55:16,090 [INFO] 会場 10 のレース2データをデータベースに保存しました
2025-04-28 17:55:17,095 [INFO] 会場コード 11 (びわこ) レース2の処理を開始
2025-04-28 17:55:25,374 [INFO] レース情報抽出: {'is_stable_plate_used': False}
2025-04-28 17:55:25,396 [INFO] 6名の選手情報を抽出しました
2025-04-28 17:55:25,398 [INFO] 会場 11 のレース2データをデータベースに保存しました
2025-04-28 17:55:26,404 [INFO] 会場コード 12 (住之江) レース2の処理を開始
2025-04-28 17:55:34,714 [INFO] レース情報抽出: {'is_stable_plate_used': False}
2025-04-28 17:55:34,742 [INFO] 6名の選手情報を抽出しました
2025-04-28 17:55:34,744 [INFO] 会場 12 のレース2データをデータベースに保存しました
2025-04-28 17:55:35,749 [INFO] 会場コード 13 (尼崎) レース2の処理を開始
2025-04-28 17:55:46,039 [INFO] レース情報抽出: {'is_stable_plate_used': False}
2025-04-28 17:55:46,061 [INFO] 6名の選手情報を抽出しました
2025-04-28 17:55:46,063 [INFO] 会場 13 のレース2データをデータベースに保存しました
2025-04-28 17:55:47,068 [INFO] 会場コード 14 (鳴門) レース2の処理を開始
2025-04-28 17:55:56,303 [INFO] レース情報抽出: {'is_stable_plate_used': False}
2025-04-28 17:55:56,328 [INFO] 6名の選手情報を抽出しました
2025-04-28 17:55:56,330 [INFO] 会場 14 のレース2データをデータベースに保存しました
2025-04-28 17:55:57,335 [INFO] 会場コード 16 (児島) レース2の処理を開始
2025-04-28 17:56:05,524 [INFO] レース情報抽出: {'is_stable_plate_used': False}
2025-04-28 17:56:05,554 [INFO] 6名の選手情報を抽出しました
2025-04-28 17:56:05,556 [INFO] 会場 16 のレース2データをデータベースに保存しました
2025-04-28 17:56:06,561 [INFO] 会場コード 19 (下関) レース2の処理を開始
2025-04-28 17:56:15,793 [INFO] レース情報抽出: {'is_stable_plate_used': False}
2025-04-28 17:56:15,821 [INFO] 6名の選手情報を抽出しました
2025-04-28 17:56:15,824 [INFO] 会場 19 のレース2データをデータベースに保存しました
2025-04-28 17:56:16,829 [INFO] 会場コード 20 (若松) レース2の処理を開始
2025-04-28 17:56:25,177 [INFO] レース情報抽出: {'is_stable_plate_used': False}
2025-04-28 17:56:25,210 [INFO] 6名の選手情報を抽出しました
2025-04-28 17:56:25,211 [INFO] 会場 20 のレース2データをデータベースに保存しました
2025-04-28 17:56:26,215 [INFO] 会場コード 22 (福岡) レース2の処理を開始
2025-04-28 17:56:35,497 [INFO] レース情報抽出: {'is_stable_plate_used': False}
2025-04-28 17:56:35,522 [INFO] 6名の選手情報を抽出しました
2025-04-28 17:56:35,525 [INFO] 会場 22 のレース2データをデータベースに保存しました
2025-04-28 17:56:36,530 [INFO] 会場コード 23 (唐津) レース2の処理を開始
2025-04-28 17:56:45,786 [INFO] レース情報抽出: {'is_stable_plate_used': False}
2025-04-28 17:56:45,812 [INFO] 6名の選手情報を抽出しました
2025-04-28 17:56:45,814 [INFO] 会場 23 のレース2データをデータベースに保存しました
2025-04-28 17:56:46,815 [INFO] 会場コード 24 (大村) レース2の処理を開始
2025-04-28 17:58:50,696 [INFO] 既存のデータベースファイルを削除します: /Users/koyohoriuchi/Desktop/code/boat/boat_get_race_data/data/boat_data.db
2025-04-28 17:59:00,180 [INFO] 開催中のレース場を 17 件取得しました: 01, 04, 05, 06, 07, 08, 10, 11, 12, 13, 14, 16, 19, 20, 22, 23, 24
2025-04-28 17:59:00,180 [INFO] 対象レース場 7件: 01, 04, 05, 06, 07, 08, 10
2025-04-28 17:59:00,180 [INFO] 会場コード 01 (桐生) の処理を開始
2025-04-28 17:59:10,449 [INFO] レース情報抽出: {'is_stable_plate_used': False}
2025-04-28 17:59:10,479 [INFO] 6名の選手情報を抽出しました
2025-04-28 17:59:10,483 [INFO] 会場 01 のデータをデータベースに保存しました
2025-04-28 17:59:11,488 [INFO] 会場コード 04 (平和島) の処理を開始
2025-04-28 17:59:19,769 [INFO] レース情報抽出: {'is_stable_plate_used': False}
2025-04-28 17:59:19,802 [INFO] 6名の選手情報を抽出しました
2025-04-28 17:59:19,805 [INFO] 会場 04 のデータをデータベースに保存しました
2025-04-28 17:59:20,805 [INFO] 会場コード 05 (多摩川) の処理を開始
2025-04-28 17:59:31,072 [INFO] レース情報抽出: {'is_stable_plate_used': False}
2025-04-28 17:59:31,106 [INFO] 6名の選手情報を抽出しました
2025-04-28 17:59:31,108 [INFO] 会場 05 のデータをデータベースに保存しました
2025-04-28 17:59:32,113 [INFO] 会場コード 06 (浜名湖) の処理を開始
2025-04-28 17:59:40,363 [INFO] レース情報抽出: {'is_stable_plate_used': False}
2025-04-28 17:59:40,386 [INFO] 6名の選手情報を抽出しました
2025-04-28 17:59:40,388 [INFO] 会場 06 のデータをデータベースに保存しました
2025-04-28 17:59:41,388 [INFO] 会場コード 07 (蒲郡) の処理を開始
2025-04-28 17:59:51,752 [INFO] レース情報抽出: {'is_stable_plate_used': False}
2025-04-28 17:59:51,777 [INFO] 6名の選手情報を抽出しました
2025-04-28 17:59:51,779 [INFO] 会場 07 のデータをデータベースに保存しました
2025-04-28 17:59:52,781 [INFO] 会場コード 08 (常滑) の処理を開始
2025-04-28 18:00:01,038 [INFO] レース情報抽出: {'is_stable_plate_used': False}
2025-04-28 18:00:01,071 [INFO] 6名の選手情報を抽出しました
2025-04-28 18:00:01,073 [INFO] 会場 08 のデータをデータベースに保存しました
2025-04-28 18:00:02,078 [INFO] 会場コード 10 (三国) の処理を開始
2025-04-28 18:00:12,401 [INFO] レース情報抽出: {'is_stable_plate_used': False}
2025-04-28 18:00:12,425 [INFO] 6名の選手情報を抽出しました
2025-04-28 18:00:12,427 [INFO] 会場 10 のデータをデータベースに保存しました
2025-04-28 18:00:13,432 [INFO] 全会場の処理が完了しました
2025-04-28 18:12:21,374 [INFO] 既存のデータベースファイルを削除します: /Users/koyohoriuchi/Desktop/code/boat/boat_get_race_data/data/boat_data.db
2025-04-28 18:12:31,904 [INFO] 開催中のレース場を 17 件取得しました: 01, 04, 05, 06, 07, 08, 10, 11, 12, 13, 14, 16, 19, 20, 22, 23, 24
2025-04-28 18:12:31,905 [INFO] 対象レース場 3件: 01, 04, 05
2025-04-28 18:12:31,905 [INFO] 会場コード 01 (桐生) の処理を開始
2025-04-28 18:12:42,355 [INFO] レース情報抽出: {'is_stable_plate_used': False}
2025-04-28 18:12:51,663 [INFO] 直前情報を追加: {'weather': '風速'}
2025-04-28 18:12:51,700 [INFO] 6名の選手情報を抽出しました
2025-04-28 18:12:51,704 [INFO] 会場 01 のデータをデータベースに保存しました
2025-04-28 18:12:52,706 [INFO] 会場コード 04 (平和島) の処理を開始
2025-04-28 18:13:00,982 [INFO] レース情報抽出: {'is_stable_plate_used': False}
2025-04-28 18:13:11,427 [INFO] 直前情報を追加: {'weather': '風速'}
2025-04-28 18:13:11,462 [INFO] 6名の選手情報を抽出しました
2025-04-28 18:13:11,464 [INFO] 会場 04 のデータをデータベースに保存しました
2025-04-28 18:13:12,469 [INFO] 会場コード 05 (多摩川) の処理を開始
2025-04-28 18:13:20,767 [INFO] レース情報抽出: {'is_stable_plate_used': False}
2025-04-28 18:13:29,041 [INFO] 直前情報を追加: {'weather': '風速'}
2025-04-28 18:13:29,075 [INFO] 6名の選手情報を抽出しました
2025-04-28 18:13:29,078 [INFO] 会場 05 のデータをデータベースに保存しました
2025-04-28 18:13:30,083 [INFO] 全会場の処理が完了しました
2025-04-28 18:14:06,569 [INFO] 既存のデータベースファイルを削除します: /Users/koyohoriuchi/Desktop/code/boat/boat_get_race_data/data/boat_data.db
2025-04-28 18:14:16,148 [INFO] 開催中のレース場を 17 件取得しました: 01, 04, 05, 06, 07, 08, 10, 11, 12, 13, 14, 16, 19, 20, 22, 23, 24
2025-04-28 18:14:16,148 [INFO] 対象レース場 3件: 01, 04, 05
2025-04-28 18:14:16,148 [INFO] 会場コード 01 (桐生) の処理を開始
2025-04-28 18:14:26,460 [INFO] レース情報抽出: {'is_stable_plate_used': False}
2025-04-28 18:14:35,682 [INFO] 直前情報を追加: {}
2025-04-28 18:14:35,720 [INFO] 6名の選手情報を抽出しました
2025-04-28 18:14:35,725 [INFO] 会場 01 のデータをデータベースに保存しました
2025-04-28 18:14:36,725 [INFO] 会場コード 04 (平和島) の処理を開始
2025-04-28 18:14:46,049 [INFO] レース情報抽出: {'is_stable_plate_used': False}
2025-04-28 18:14:56,316 [INFO] 直前情報を追加: {}
2025-04-28 18:14:56,350 [INFO] 6名の選手情報を抽出しました
2025-04-28 18:14:56,352 [INFO] 会場 04 のデータをデータベースに保存しました
2025-04-28 18:14:57,357 [INFO] 会場コード 05 (多摩川) の処理を開始
2025-04-28 18:15:06,632 [INFO] レース情報抽出: {'is_stable_plate_used': False}
2025-04-28 18:15:16,858 [INFO] 直前情報を追加: {}
2025-04-28 18:15:16,888 [INFO] 6名の選手情報を抽出しました
2025-04-28 18:15:16,890 [INFO] 会場 05 のデータをデータベースに保存しました
2025-04-28 18:15:17,893 [INFO] 全会場の処理が完了しました
2025-04-28 18:16:58,703 [INFO] 既存のデータベースファイルを削除します: /Users/koyohoriuchi/Desktop/code/boat/boat_get_race_data/data/boat_data.db
2025-04-28 18:17:08,987 [INFO] 開催中のレース場を 17 件取得しました: 01, 04, 05, 06, 07, 08, 10, 11, 12, 13, 14, 16, 19, 20, 22, 23, 24
2025-04-28 18:17:08,987 [INFO] 対象レース場 3件: 01, 04, 05
2025-04-28 18:17:08,987 [INFO] 会場コード 01 (桐生) の処理を開始
2025-04-28 18:17:19,251 [INFO] レース情報抽出: {'is_stable_plate_used': False}
2025-04-28 18:17:29,683 [INFO] 直前情報を追加: {'weather': '曇り', 'wind_speed': 0, 'wind_dir': '', 'water_temp': 17.0, 'wave_height': 0}
2025-04-28 18:17:29,717 [INFO] 6名の選手情報を抽出しました
2025-04-28 18:17:29,721 [INFO] 会場 01 のデータをデータベースに保存しました
2025-04-28 18:17:30,727 [INFO] 会場コード 04 (平和島) の処理を開始
2025-04-28 18:17:39,052 [INFO] レース情報抽出: {'is_stable_plate_used': False}
2025-04-28 18:17:48,629 [INFO] 直前情報を追加: {'weather': '曇り', 'wind_speed': 2, 'wind_dir': '', 'water_temp': 19.0, 'wave_height': 3}
2025-04-28 18:17:48,662 [INFO] 6名の選手情報を抽出しました
2025-04-28 18:17:48,665 [INFO] 会場 04 のデータをデータベースに保存しました
2025-04-28 18:17:49,670 [INFO] 会場コード 05 (多摩川) の処理を開始
2025-04-28 18:17:59,912 [INFO] レース情報抽出: {'is_stable_plate_used': False}
2025-04-28 18:18:08,183 [INFO] 直前情報を追加: {'weather': '曇り', 'wind_speed': 1, 'wind_dir': '', 'water_temp': 21.0, 'wave_height': 2}
2025-04-28 18:18:08,216 [INFO] 6名の選手情報を抽出しました
2025-04-28 18:18:08,218 [INFO] 会場 05 のデータをデータベースに保存しました
2025-04-28 18:18:09,219 [INFO] 全会場の処理が完了しました
